2022-12-16 19:12:19.195 [info] Starting worker process with pid 2556 (type: fileWatcher, window: 1).
2022-12-16 19:12:40.416 [info] Getting Manifest... ms-python.python
2022-12-16 19:12:40.550 [info] Getting Manifest... ms-toolsai.jupyter
2022-12-16 19:12:40.689 [info] Installing extension: ms-python.python
2022-12-16 19:12:40.816 [info] Installing extension: ms-toolsai.jupyter
2022-12-16 19:12:41.136 [info] Getting Manifest... ms-toolsai.jupyter-renderers
2022-12-16 19:12:41.301 [info] Getting Manifest... ms-toolsai.jupyter
2022-12-16 19:12:41.778 [info] Getting Manifest... ms-toolsai.jupyter-renderers
2022-12-16 19:12:41.928 [info] Getting Manifest... esbenp.prettier-vscode
2022-12-16 19:12:41.996 [info] Getting Manifest... ms-toolsai.jupyter-keymap
2022-12-16 19:12:42.044 [info] Getting Manifest... ms-toolsai.jupyter-keymap
2022-12-16 19:12:42.194 [info] Installing extension: esbenp.prettier-vscode
2022-12-16 19:12:42.851 [info] Getting Manifest... ms-toolsai.vscode-jupyter-cell-tags
2022-12-16 19:12:42.852 [info] Getting Manifest... ms-toolsai.vscode-jupyter-cell-tags
2022-12-16 19:12:43.704 [info] Getting Manifest... ms-toolsai.vscode-jupyter-slideshow
2022-12-16 19:12:43.706 [info] Getting Manifest... ms-toolsai.vscode-jupyter-slideshow
2022-12-16 19:12:44.560 [info] Getting Manifest... ms-python.isort
2022-12-16 19:12:44.603 [info] Installing extension: ms-toolsai.jupyter-renderers ms-toolsai.jupyter
2022-12-16 19:12:44.603 [info] Installing extension: ms-toolsai.jupyter-keymap ms-toolsai.jupyter
2022-12-16 19:12:44.603 [info] Installing extension: ms-toolsai.vscode-jupyter-cell-tags ms-toolsai.jupyter
2022-12-16 19:12:44.604 [info] Installing extension: ms-toolsai.vscode-jupyter-slideshow ms-toolsai.jupyter
2022-12-16 19:12:45.449 [info] Waiting for already requested installing extension ms-toolsai.jupyter ms-python.python
2022-12-16 19:12:45.449 [info] Waiting for already requested installing extension ms-toolsai.jupyter-renderers ms-python.python
2022-12-16 19:12:45.449 [info] Waiting for already requested installing extension ms-toolsai.jupyter-keymap ms-python.python
2022-12-16 19:12:45.449 [info] Waiting for already requested installing extension ms-toolsai.vscode-jupyter-cell-tags ms-python.python
2022-12-16 19:12:45.449 [info] Waiting for already requested installing extension ms-toolsai.vscode-jupyter-slideshow ms-python.python
2022-12-16 19:12:45.449 [info] Installing extension: ms-python.isort ms-python.python
2022-12-16 19:12:45.611 [info] Extracted extension to /home/alarawms/.vscode-oss/extensions/.1178dd2f-51ea-4c86-ad49-f54605718b5e: ms-toolsai.jupyter-keymap
2022-12-16 19:12:45.612 [info] Renamed to /home/alarawms/.vscode-oss/extensions/ms-toolsai.jupyter-keymap-1.0.0-universal
2022-12-16 19:12:45.613 [info] Extracting completed. ms-toolsai.jupyter-keymap
2022-12-16 19:12:46.391 [info] Extracted extension to /home/alarawms/.vscode-oss/extensions/.17eef565-bdf6-4f55-b8d0-70a087cdf432: ms-toolsai.vscode-jupyter-slideshow
2022-12-16 19:12:46.392 [info] Renamed to /home/alarawms/.vscode-oss/extensions/ms-toolsai.vscode-jupyter-slideshow-0.1.5-universal
2022-12-16 19:12:46.393 [info] Extracting completed. ms-toolsai.vscode-jupyter-slideshow
2022-12-16 19:12:47.367 [info] Extracted extension to /home/alarawms/.vscode-oss/extensions/.f1f00191-5de5-411a-9278-695b9664ba46: esbenp.prettier-vscode
2022-12-16 19:12:47.369 [info] Renamed to /home/alarawms/.vscode-oss/extensions/esbenp.prettier-vscode-9.10.3-universal
2022-12-16 19:12:47.370 [info] Extracting completed. esbenp.prettier-vscode
2022-12-16 19:12:47.374 [info] Extension installed successfully: esbenp.prettier-vscode
2022-12-16 19:12:47.574 [info] Getting Manifest... redhat.vscode-yaml
2022-12-16 19:12:47.837 [info] Installing extension: redhat.vscode-yaml
2022-12-16 19:12:49.544 [info] Extracted extension to /home/alarawms/.vscode-oss/extensions/.a217f3ee-2a9b-4d94-a5b0-7522abecdbbc: ms-toolsai.vscode-jupyter-cell-tags
2022-12-16 19:12:49.546 [info] Renamed to /home/alarawms/.vscode-oss/extensions/ms-toolsai.vscode-jupyter-cell-tags-0.1.6-universal
2022-12-16 19:12:49.546 [info] Extracting completed. ms-toolsai.vscode-jupyter-cell-tags
2022-12-16 19:12:49.915 [info] Extracted extension to /home/alarawms/.vscode-oss/extensions/.7fd7a44a-4c34-438f-aa6a-5b3189a749cd: redhat.vscode-yaml
2022-12-16 19:12:49.917 [info] Renamed to /home/alarawms/.vscode-oss/extensions/redhat.vscode-yaml-1.10.1-universal
2022-12-16 19:12:49.918 [info] Extracting completed. redhat.vscode-yaml
2022-12-16 19:12:49.920 [info] Extension installed successfully: redhat.vscode-yaml
2022-12-16 19:12:54.812 [info] Getting Manifest... ms-azuretools.vscode-docker
2022-12-16 19:12:55.099 [info] Installing extension: ms-azuretools.vscode-docker
2022-12-16 19:12:57.849 [info] Extracted extension to /home/alarawms/.vscode-oss/extensions/.48f0d2f3-31b8-4d85-a388-fe7b2c751f94: ms-azuretools.vscode-docker
2022-12-16 19:12:57.852 [info] Renamed to /home/alarawms/.vscode-oss/extensions/ms-azuretools.vscode-docker-1.23.2-universal
2022-12-16 19:12:57.864 [info] Extracting completed. ms-azuretools.vscode-docker
2022-12-16 19:12:57.870 [info] Extension installed successfully: ms-azuretools.vscode-docker
2022-12-16 19:13:00.706 [info] Extracted extension to /home/alarawms/.vscode-oss/extensions/.69c11f2f-1367-4823-848a-c9078b9d7e6d: ms-toolsai.jupyter-renderers
2022-12-16 19:13:00.708 [info] Renamed to /home/alarawms/.vscode-oss/extensions/ms-toolsai.jupyter-renderers-1.0.12-universal
2022-12-16 19:13:00.709 [info] Extracting completed. ms-toolsai.jupyter-renderers
2022-12-16 19:13:09.602 [info] Extracted extension to /home/alarawms/.vscode-oss/extensions/.0e289864-5397-404d-9444-269ab49ac016: ms-python.python
2022-12-16 19:13:09.613 [info] Renamed to /home/alarawms/.vscode-oss/extensions/ms-python.python-2022.20.1-universal
2022-12-16 19:13:09.616 [info] Extracting completed. ms-python.python
2022-12-16 19:13:11.713 [info] Extracted extension to /home/alarawms/.vscode-oss/extensions/.9789ae9c-9875-44df-aa10-bc9149e49c6c: ms-python.isort
2022-12-16 19:13:11.714 [info] Renamed to /home/alarawms/.vscode-oss/extensions/ms-python.isort-2022.8.0-universal
2022-12-16 19:13:11.716 [info] Extracting completed. ms-python.isort
2022-12-16 19:13:18.640 [info] Extracted extension to /home/alarawms/.vscode-oss/extensions/.078c9bb8-b68e-4a8b-b73c-22d9eeea2de5: ms-toolsai.jupyter
2022-12-16 19:13:18.642 [info] Renamed to /home/alarawms/.vscode-oss/extensions/ms-toolsai.jupyter-2022.10.110-universal
2022-12-16 19:13:18.651 [info] Extracting completed. ms-toolsai.jupyter
2022-12-16 19:13:18.657 [info] Extension installed successfully: ms-toolsai.jupyter-keymap
2022-12-16 19:13:18.657 [info] Extension installed successfully: ms-toolsai.vscode-jupyter-slideshow
2022-12-16 19:13:18.657 [info] Extension installed successfully: ms-toolsai.vscode-jupyter-cell-tags
2022-12-16 19:13:18.657 [info] Extension installed successfully: ms-toolsai.jupyter-renderers
2022-12-16 19:13:18.657 [info] Extension installed successfully: ms-toolsai.jupyter
2022-12-16 19:13:18.657 [info] Finished waiting for already requested installing extension ms-toolsai.jupyter ms-python.python
2022-12-16 19:13:18.657 [info] Finished waiting for already requested installing extension ms-toolsai.jupyter-renderers ms-python.python
2022-12-16 19:13:18.657 [info] Finished waiting for already requested installing extension ms-toolsai.jupyter-keymap ms-python.python
2022-12-16 19:13:18.657 [info] Finished waiting for already requested installing extension ms-toolsai.vscode-jupyter-cell-tags ms-python.python
2022-12-16 19:13:18.657 [info] Finished waiting for already requested installing extension ms-toolsai.vscode-jupyter-slideshow ms-python.python
2022-12-16 19:13:18.657 [info] Extension installed successfully: ms-python.python
2022-12-16 19:13:18.658 [info] Extension installed successfully: ms-python.isort
2022-12-16 19:14:00.333 [info] Getting Manifest... dracula-theme.theme-dracula
2022-12-16 19:14:00.522 [info] Installing extension: dracula-theme.theme-dracula
2022-12-16 19:14:01.383 [info] Extracted extension to /home/alarawms/.vscode-oss/extensions/.0ecf0033-b276-4d11-85e4-239fa8999293: dracula-theme.theme-dracula
2022-12-16 19:14:01.385 [info] Renamed to /home/alarawms/.vscode-oss/extensions/dracula-theme.theme-dracula-2.24.2-universal
2022-12-16 19:14:01.385 [info] Extracting completed. dracula-theme.theme-dracula
2022-12-16 19:14:01.388 [info] Extension installed successfully: dracula-theme.theme-dracula
2022-12-16 19:14:02.640 [info] Getting Manifest... gitlab.gitlab-workflow
2022-12-16 19:14:02.833 [info] Installing extension: gitlab.gitlab-workflow
2022-12-16 19:14:06.347 [info] Extracted extension to /home/alarawms/.vscode-oss/extensions/.3436dc46-f271-4834-82e5-6e51714a5a8a: gitlab.gitlab-workflow
2022-12-16 19:14:06.349 [info] Renamed to /home/alarawms/.vscode-oss/extensions/gitlab.gitlab-workflow-3.57.3-universal
2022-12-16 19:14:06.350 [info] Extracting completed. gitlab.gitlab-workflow
2022-12-16 19:14:06.353 [info] Extension installed successfully: gitlab.gitlab-workflow
2022-12-16 20:20:17.691 [warning] No ptyHost heartbeat after 6 seconds
