2022-12-16 19:12:18.562 [info] Added views:workbench.panel.markers.view in workbench.panel.markers
2022-12-16 19:12:18.562 [info] Added views:workbench.panel.output in workbench.panel.output
2022-12-16 19:12:18.562 [info] Added views:terminal in terminal
2022-12-16 19:12:18.562 [info] Added views:outline in workbench.view.explorer
2022-12-16 19:12:18.562 [info] Added views:workbench.scm in workbench.view.scm
2022-12-16 19:12:18.562 [info] Added views:workbench.view.search in workbench.view.search
2022-12-16 19:12:18.562 [info] Added views:timeline in workbench.view.explorer
2022-12-16 19:12:18.562 [info] Added views:workbench.explorer.emptyView in workbench.view.explorer
2022-12-16 19:12:18.562 [info] Added views:workbench.debug.welcome in workbench.view.debug
2022-12-16 19:12:19.073 [info] Added views:workbench.panel.repl.view in workbench.panel.repl
2022-12-16 19:12:29.991 [info] Added views:workbench.views.extensions.installed,workbench.views.extensions.popular,extensions.recommendedList in workbench.view.extensions
2022-12-16 19:12:29.995 [info] Removed views:workbench.views.extensions.popular from workbench.view.extensions
2022-12-16 19:12:30.170 [info] Added views:workbench.views.extensions.popular in workbench.view.extensions
2022-12-16 19:12:57.938 [info] Added views:dockerContainers,dockerImages,dockerRegistries,dockerNetworks,dockerVolumes,vscode-docker.views.dockerContexts,vscode-docker.views.help in workbench.view.extension.dockerView
2022-12-16 19:13:18.733 [info] Added views:jupyterViewVariables in workbench.view.extension.jupyter-variables
2022-12-16 19:13:18.734 [info] Added views:cell-tag in workbench.view.extension.jupyter
2022-12-16 19:13:19.570 [info] Added views:workbench.view.testing in workbench.view.extension.test
2022-12-16 19:14:06.406 [info] Added views:issuesAndMrs in workbench.view.extension.gitlab-workflow
2022-12-16 19:14:21.151 [info] Removed views:extensions.recommendedList,workbench.views.extensions.popular,workbench.views.extensions.installed from workbench.view.extensions
2022-12-16 19:14:21.163 [info] Added views:workbench.views.extensions.marketplace in workbench.view.extensions
